2018-09-17 20:01:02,332 -  MAIN : INFO >> app started!!
2018-09-17 20:01:02,340 -  MAIN : INFO >> name of phone : Apple iPhone XS
2018-09-17 20:01:02,340 -  MAIN : INFO >> name of connection : Network
2018-09-17 20:01:02,340 -  MAIN : INFO >> App Finished!
2018-09-17 20:01:33,155 -  MAIN : INFO >> app started!!
2018-09-17 20:01:33,163 -  MAIN : INFO >> name of phone : Apple iPhone XS
2018-09-17 20:01:33,163 -  MAIN : INFO >> name of connection : Network
2018-09-17 20:01:33,163 -  MAIN : INFO >> App Finished!
2018-09-17 20:01:47,371 -  MAIN : INFO >> app started!!
2018-09-17 20:01:47,379 -  MAIN : INFO >> name of phone : Apple iPhone XS
2018-09-17 20:01:47,379 -  MAIN : INFO >> name of connection : Network
2018-09-17 20:01:47,380 -  MAIN : INFO >> App Finished!
2018-09-18 20:02:38,139 -  MAIN : INFO >> app started!!
2018-09-18 20:02:38,261 -  MAIN : INFO >> name of phone : Apple iPhone XS
2018-09-18 20:02:38,261 -  MAIN : INFO >> name of connection : Network
2018-09-18 20:02:38,261 -  MAIN : INFO >> App Finished!
2018-09-18 20:03:44,710 -  MAIN : INFO >> app started!!
2018-09-18 20:03:44,834 -  MAIN : INFO >> name of phone : Apple iPhone XS
2018-09-18 20:03:44,834 -  MAIN : INFO >> name of connection : Network
2018-09-18 20:03:44,835 -  MAIN : INFO >> App Finished!
2018-09-18 20:10:18,008 -  MAIN : INFO >> app started!!
2018-09-18 20:10:18,018 -  MAIN : INFO >> name of phone : Apple iPhone XS
2018-09-18 20:10:18,018 -  MAIN : INFO >> name of connection : Network
2018-09-18 20:10:18,018 -  MAIN : INFO >> App Finished!
2018-09-18 20:13:28,531 -  MAIN : INFO >> app started!!
2018-09-18 20:13:28,583 -  MAIN : INFO >> name of phone : Apple iPhone 8 Plus
2018-09-18 20:13:28,584 -  MAIN : INFO >> name of connection : Network
2018-09-18 20:13:28,584 -  MAIN : INFO >> App Finished!
2018-09-18 20:22:24,889 -  MAIN : INFO >> app started!!
2018-09-18 20:22:24,899 -  MAIN : INFO >> name of phone : Apple iPhone 8 Plus
2018-09-18 20:25:13,205 -  MAIN : INFO >> app started!!
2018-09-18 20:25:13,221 -  MAIN : INFO >> name of phone : Apple iPhone 8 Plus
2018-09-18 20:25:13,221 -  MAIN : INFO >> type of Connection : Network (GSM / HSPA / LTE)
2018-09-18 20:25:13,221 -  MAIN : INFO >> App Finished!
2018-09-18 20:36:48,979 -  MAIN : INFO >> app started!!
2018-09-18 20:36:48,994 -  MAIN : INFO >> name of phone : Apple iPhone 8 Plus
2018-09-18 20:36:48,994 -  MAIN : INFO >> type of Connection : Network (GSM / HSPA / LTE)
2018-09-18 20:36:48,994 -  MAIN : INFO >> App Finished!
2018-09-18 20:38:15,374 -  MAIN : INFO >> app started!!
2018-09-18 20:38:15,391 -  MAIN : INFO >> name of phone : Apple iPhone 8 Plus
2018-09-18 20:38:15,392 -  MAIN : INFO >> type of Connection : Network (GSM / HSPA / LTE)
2018-09-18 20:38:15,392 -  MAIN : INFO >> App Finished!
2018-09-18 20:38:33,719 -  MAIN : INFO >> app started!!
2018-09-18 20:38:33,727 -  MAIN : INFO >> name of phone : Apple iPhone 8 Plus
2018-09-18 20:38:33,727 -  MAIN : INFO >> type of Connection : Network (GSM / HSPA / LTE)
2018-09-18 20:38:33,727 -  MAIN : INFO >> App Finished!
2018-09-18 20:38:56,696 -  MAIN : INFO >> app started!!
2018-09-18 20:42:22,611 -  MAIN : INFO >> app started!!
2018-09-18 20:42:22,634 -  MAIN : INFO >> name of phone : Apple iPhone 8 Plus
2018-09-18 20:42:22,634 -  MAIN : INFO >> type of Connection : Network (GSM / HSPA / LTE)
2018-09-18 20:42:22,635 -  MAIN : INFO >> App Finished!
2018-09-18 20:45:01,085 -  MAIN : INFO >> app started!!
2018-09-18 20:48:22,061 -  MAIN : INFO >> app started!!
2018-09-18 20:50:51,181 -  MAIN : INFO >> app started!!
2018-10-28 14:21:17,147 -  MAIN : INFO >> app started!!
2018-10-28 14:21:28,043 -  MAIN : INFO >> app started!!
2018-10-28 14:22:25,713 -  MAIN : INFO >> app started!!
2018-10-28 14:24:59,058 -  MAIN : INFO >> app started!!
2018-10-28 14:25:15,583 -  MAIN : INFO >> app started!!
2018-10-28 14:25:15,591 -  MAIN : INFO >> name of phone : Apple iPhone 8 Plus
2018-10-28 14:25:15,591 -  MAIN : INFO >> type of Connection : Network (GSM / HSPA / LTE)
2018-10-28 14:25:15,591 -  MAIN : INFO >> App Finished!
2018-10-28 14:25:21,133 -  MAIN : INFO >> app started!!
2018-10-28 14:25:21,142 -  MAIN : INFO >> name of phone : Apple iPhone 8 Plus
2018-10-28 14:25:21,143 -  MAIN : INFO >> type of Connection : Network (GSM / HSPA / LTE)
2018-10-28 14:25:21,143 -  MAIN : INFO >> App Finished!
2018-10-28 14:29:07,306 -  MAIN : INFO >> app started!!
2018-10-28 14:31:07,630 -  MAIN : INFO >> app started!!
2018-10-28 14:31:07,639 -  MAIN : INFO >> name of phone : Apple iPhone 8 Plus
2018-10-28 14:31:07,639 -  MAIN : INFO >> type of Connection : Network (GSM / HSPA / LTE)
2018-10-28 14:31:07,640 -  MAIN : INFO >> App Finished!
2018-10-28 14:31:56,447 -  MAIN : INFO >> app started!!
2018-10-28 14:32:11,937 -  MAIN : INFO >> app started!!
2018-10-28 14:32:11,952 -  MAIN : INFO >> name of phone : Apple iPhone 8 Plus
2018-10-28 14:32:11,953 -  MAIN : INFO >> type of Connection : Network (GSM / HSPA / LTE)
2018-10-28 14:32:11,953 -  MAIN : INFO >> App Finished!
2018-10-28 14:38:39,696 -  MAIN : INFO >> app started!!
2018-10-28 14:39:28,840 -  MAIN : INFO >> app started!!
2018-10-28 14:40:22,137 -  MAIN : INFO >> app started!!
2018-10-28 14:40:42,654 -  MAIN : INFO >> app started!!
2018-10-28 14:40:42,666 -  MAIN : INFO >> name of phone : Apple iPhone 8 Plus
2018-10-28 14:40:42,666 -  MAIN : INFO >> type of Connection : Network (GSM / HSPA / LTE)
2018-10-28 14:40:42,666 -  MAIN : INFO >> App Finished!
2018-10-28 14:41:01,598 -  MAIN : INFO >> app started!!
2018-10-28 14:41:01,614 -  MAIN : INFO >> name of phone : Apple iPhone 8 Plus
2018-10-28 14:41:01,614 -  MAIN : INFO >> type of Connection : Network (GSM / HSPA / LTE)
2018-10-28 14:41:01,614 -  MAIN : INFO >> App Finished!
2018-10-28 14:41:39,134 -  MAIN : INFO >> app started!!
2018-10-28 14:41:39,148 -  MAIN : INFO >> name of phone : Apple iPhone 8 Plus
2018-10-28 14:41:39,149 -  MAIN : INFO >> type of Connection : Network (GSM / HSPA / LTE)
2018-10-28 14:41:39,149 -  MAIN : INFO >> App Finished!
2018-10-28 14:41:54,779 -  MAIN : INFO >> app started!!
2018-10-28 14:41:54,799 -  MAIN : INFO >> name of phone : Apple iPhone 8 Plus
2018-10-28 14:41:54,799 -  MAIN : INFO >> type of Connection : Network (GSM / HSPA / LTE)
2018-10-28 14:41:54,801 -  MAIN : INFO >> App Finished!
2018-10-28 14:45:12,358 -  MAIN : INFO >> app started!!
2018-10-28 14:47:00,063 -  MAIN : INFO >> app started!!
2018-10-28 14:48:04,887 -  MAIN : INFO >> app started!!
2018-10-28 14:49:03,083 -  MAIN : INFO >> app started!!
2018-10-28 14:49:25,443 -  MAIN : INFO >> app started!!
2018-10-28 14:49:25,457 -  MAIN : INFO >> name of phone : Apple iPhone 8 Plus
2018-10-28 14:49:25,457 -  MAIN : INFO >> type of Connection : Network (GSM / HSPA / LTE)
2018-10-28 14:49:25,457 -  MAIN : INFO >> App Finished!
2018-10-28 14:50:11,655 -  MAIN : INFO >> app started!!
2018-10-28 14:50:24,113 -  MAIN : INFO >> app started!!
2018-10-28 14:50:24,122 -  MAIN : INFO >> name of phone : Apple iPhone 8 Plus
2018-10-28 14:50:24,122 -  MAIN : INFO >> type of Connection : Network (GSM / HSPA / LTE)
2018-10-28 14:50:24,122 -  MAIN : INFO >> App Finished!
2018-10-28 14:53:05,433 -  MAIN : INFO >> app started!!
2018-10-28 14:53:05,441 -  MAIN : INFO >> Name of phone : Apple iPhone 8 Plus
2018-10-28 14:53:05,441 -  MAIN : INFO >> Type of Connection : Network (GSM / HSPA / LTE)
2018-10-28 14:53:05,441 -  MAIN : INFO >> Launch on : Launch (2017, September)
2018-10-28 14:53:05,442 -  MAIN : INFO >> App Finished!
2018-10-28 14:53:36,332 -  MAIN : INFO >> app started!!
2018-10-28 14:53:36,341 -  MAIN : INFO >> Name of phone : Apple iPhone 8 Plus
2018-10-28 14:53:36,341 -  MAIN : INFO >> Type of Connection : Network (GSM / HSPA / LTE)
2018-10-28 14:53:36,341 -  MAIN : INFO >> Launchi : (2017, September)
2018-10-28 14:53:36,341 -  MAIN : INFO >> App Finished!
2018-10-28 14:53:59,606 -  MAIN : INFO >> app started!!
2018-10-28 14:53:59,614 -  MAIN : INFO >> Name of phone : Apple iPhone 8 Plus
2018-10-28 14:53:59,615 -  MAIN : INFO >> Type of Connection : Network (GSM / HSPA / LTE)
2018-10-28 14:53:59,615 -  MAIN : INFO >> Launch : 2017, September
2018-10-28 14:53:59,615 -  MAIN : INFO >> App Finished!
2018-10-28 14:55:07,713 -  MAIN : INFO >> app started!!
2018-10-28 14:55:07,722 -  MAIN : INFO >> Name of phone : Apple iPhone 8 Plus
2018-10-28 14:55:07,722 -  MAIN : INFO >> Type of Connection : Network (GSM / HSPA / LTE)
2018-10-28 14:55:07,722 -  MAIN : INFO >> Launch : 2017, September
2018-10-28 14:55:07,722 -  MAIN : INFO >> App Finished!
2018-10-28 14:56:47,985 -  MAIN : INFO >> app started!!
2018-10-28 14:59:29,443 -  MAIN : INFO >> app started!!
2018-10-28 15:02:56,156 -  MAIN : INFO >> app started!!
2018-10-28 15:03:29,320 -  MAIN : INFO >> app started!!
2018-10-28 15:04:11,379 -  MAIN : INFO >> app started!!
2018-10-28 15:04:11,389 -  MAIN : INFO >> Name of phone : Apple iPhone 8 Plus
2018-10-28 15:04:11,391 -  MAIN : INFO >> Type of Connection : Network (GSM / HSPA / LTE)
2018-10-28 15:04:11,392 -  MAIN : INFO >> <th rowspan="2" scope="row">Launch</th> : 2017, September
2018-10-28 15:04:11,392 -  MAIN : INFO >> App Finished!
2018-10-28 15:05:58,707 -  MAIN : INFO >> app started!!
2018-10-28 15:05:58,717 -  MAIN : INFO >> Name of phone : Apple iPhone 8 Plus
2018-10-28 15:05:58,717 -  MAIN : INFO >> Type of Connection : Network (GSM / HSPA / LTE)
2018-10-28 15:05:58,718 -  MAIN : INFO >> <th rowspan="2" scope="row">Launch</th> : 2017, September
2018-10-28 15:05:58,721 -  MAIN : INFO >> App Finished!
2018-10-28 15:06:17,051 -  MAIN : INFO >> app started!!
2018-10-28 15:06:17,059 -  MAIN : INFO >> Name of phone : Apple iPhone 8 Plus
2018-10-28 15:06:17,060 -  MAIN : INFO >> Type of Connection : Network (GSM / HSPA / LTE)
2018-10-28 15:06:17,060 -  MAIN : INFO >> Launch : 2017, September
2018-10-28 15:06:17,060 -  MAIN : INFO >> App Finished!
2018-10-28 15:06:34,459 -  MAIN : INFO >> app started!!
2018-10-28 15:07:04,001 -  MAIN : INFO >> app started!!
2018-10-28 15:07:26,077 -  MAIN : INFO >> app started!!
2018-10-28 15:14:02,750 -  MAIN : INFO >> app started!!
2018-10-28 15:14:02,758 -  MAIN : INFO >> Name of phone : Apple iPhone 8 Plus
2018-10-28 15:14:02,759 -  MAIN : INFO >> Type of Connection : Network (GSM / HSPA / LTE)
2018-10-28 15:14:02,759 -  MAIN : INFO >> 2 : 2017, September
2018-10-28 15:14:02,759 -  MAIN : INFO >> App Finished!
2018-10-28 15:14:32,817 -  MAIN : INFO >> app started!!
2018-10-28 15:14:57,016 -  MAIN : INFO >> app started!!
2018-10-28 15:18:51,943 -  MAIN : INFO >> app started!!
2018-10-28 15:18:51,952 -  MAIN : INFO >> Name of phone : Apple iPhone 8 Plus
2018-10-28 15:18:51,953 -  MAIN : INFO >> Type of Connection : Network (GSM / HSPA / LTE)
2018-10-28 15:18:51,953 -  MAIN : INFO >> Launch : 2017, September
2018-10-28 15:18:51,955 -  MAIN : INFO >> App Finished!
2018-10-28 15:19:22,519 -  MAIN : INFO >> app started!!
2018-10-28 15:19:51,440 -  MAIN : INFO >> app started!!
2018-10-28 15:19:51,448 -  MAIN : INFO >> Name of phone : Apple iPhone 8 Plus
2018-10-28 15:19:51,449 -  MAIN : INFO >> Type of Connection : Network (GSM / HSPA / LTE)
2018-10-28 15:19:51,449 -  MAIN : INFO >> Launch : 2017, September
2018-10-28 15:19:51,449 -  MAIN : INFO >> App Finished!
2018-10-28 15:20:08,195 -  MAIN : INFO >> app started!!
2018-10-28 15:20:08,203 -  MAIN : INFO >> Name of phone : Apple iPhone 8 Plus
2018-10-28 15:20:08,203 -  MAIN : INFO >> Type of Connection : Network (GSM / HSPA / LTE)
2018-10-28 15:20:08,204 -  MAIN : INFO >> Launch : 2017, September
2018-10-28 15:20:08,204 -  MAIN : INFO >> App Finished!
2018-10-28 15:21:05,070 -  MAIN : INFO >> app started!!
2018-10-28 15:21:05,078 -  MAIN : INFO >> Name of phone : Apple iPhone 8 Plus
2018-10-28 15:21:05,078 -  MAIN : INFO >> Type of Connection : Network (GSM / HSPA / LTE)
2018-10-28 15:21:05,079 -  MAIN : INFO >> Launch : 2017, September
2018-10-28 15:21:05,079 -  MAIN : INFO >> App Finished!
2018-10-28 15:23:30,930 -  MAIN : INFO >> app started!!
2018-10-28 15:23:44,441 -  MAIN : INFO >> app started!!
2018-10-28 15:24:43,444 -  MAIN : INFO >> app started!!
2018-10-28 15:24:58,000 -  MAIN : INFO >> app started!!
2018-10-28 15:24:58,008 -  MAIN : INFO >> Name of phone : Apple iPhone 8 Plus
2018-10-28 15:24:58,008 -  MAIN : INFO >> Type of Connection : Network (<a href="network-bands.php3">Technology</a>)
2018-10-28 15:24:58,009 -  MAIN : INFO >> Launch : 2017, September
2018-10-28 15:24:58,009 -  MAIN : INFO >> App Finished!
2018-10-28 15:25:24,440 -  MAIN : INFO >> app started!!
2018-10-28 15:25:24,448 -  MAIN : INFO >> Name of phone : Apple iPhone 8 Plus
2018-10-28 15:25:24,449 -  MAIN : INFO >> Type of Connection : Network (<a href="network-bands.php3">Technology</a>)
2018-10-28 15:25:24,449 -  MAIN : INFO >> Launch : 2017, September
2018-10-28 15:25:39,882 -  MAIN : INFO >> app started!!
2018-10-28 15:25:39,891 -  MAIN : INFO >> Name of phone : Apple iPhone 8 Plus
2018-10-28 15:25:39,891 -  MAIN : INFO >> Type of Connection : Network (<a href="network-bands.php3">Technology</a>)
2018-10-28 15:25:39,891 -  MAIN : INFO >> Launch : 2017, September
2018-10-28 15:25:39,892 -  MAIN : INFO >> App Finished!
2018-10-28 15:26:14,709 -  MAIN : INFO >> app started!!
2018-10-28 15:27:34,764 -  MAIN : INFO >> app started!!
2018-10-28 15:27:34,774 -  MAIN : INFO >> Name of phone : Apple iPhone 8 Plus
2018-10-28 15:27:34,776 -  MAIN : INFO >> Type of Connection : Network (<th rowspan="15" scope="row">Network</th>)
2018-10-28 15:27:34,776 -  MAIN : INFO >> Launch : 2017, September
2018-10-28 15:27:34,777 -  MAIN : INFO >> App Finished!
2018-10-28 15:28:00,675 -  MAIN : INFO >> app started!!
2018-10-28 15:28:00,683 -  MAIN : INFO >> Name of phone : Apple iPhone 8 Plus
2018-10-28 15:28:00,683 -  MAIN : INFO >> Type of Connection : Network (
)
2018-10-28 15:28:00,683 -  MAIN : INFO >> Launch : 2017, September
2018-10-28 15:28:00,684 -  MAIN : INFO >> App Finished!
2018-10-28 15:28:25,305 -  MAIN : INFO >> app started!!
2018-10-28 15:28:25,317 -  MAIN : INFO >> Name of phone : Apple iPhone 8 Plus
2018-10-28 15:28:25,317 -  MAIN : INFO >> Type of Connection : Network (
)
2018-10-28 15:28:25,317 -  MAIN : INFO >> Launch : 2017, September
2018-10-28 15:28:25,318 -  MAIN : INFO >> App Finished!
2018-10-28 15:28:55,586 -  MAIN : INFO >> app started!!
2018-10-28 15:28:55,603 -  MAIN : INFO >> Name of phone : Apple iPhone 8 Plus
2018-10-28 15:28:55,604 -  MAIN : INFO >> Type of Connection : Network (<td class="ttl"><a href="network-bands.php3">Technology</a></td>)
2018-10-28 15:28:55,604 -  MAIN : INFO >> Launch : 2017, September
2018-10-28 15:28:55,604 -  MAIN : INFO >> App Finished!
2018-10-28 15:29:47,186 -  MAIN : INFO >> app started!!
2018-10-28 15:29:47,197 -  MAIN : INFO >> Name of phone : Apple iPhone 8 Plus
2018-10-28 15:29:47,199 -  MAIN : INFO >> Type of Connection : Network (Technology)
2018-10-28 15:29:47,200 -  MAIN : INFO >> Launch : 2017, September
2018-10-28 15:29:47,200 -  MAIN : INFO >> App Finished!
2018-10-28 15:29:55,911 -  MAIN : INFO >> app started!!
2018-10-28 15:29:55,924 -  MAIN : INFO >> Name of phone : Apple iPhone 8 Plus
2018-10-28 15:29:55,924 -  MAIN : INFO >> Type of Connection : Network (Technology)
2018-10-28 15:29:55,925 -  MAIN : INFO >> Launch : 2017, September
2018-10-28 15:29:55,925 -  MAIN : INFO >> App Finished!
2018-10-28 15:30:05,830 -  MAIN : INFO >> app started!!
2018-10-28 15:30:05,837 -  MAIN : INFO >> Name of phone : Apple iPhone 8 Plus
2018-10-28 15:30:05,838 -  MAIN : INFO >> Type of Connection : Network (Network)
2018-10-28 15:30:05,838 -  MAIN : INFO >> Launch : 2017, September
2018-10-28 15:30:05,838 -  MAIN : INFO >> App Finished!
2018-10-28 15:30:55,843 -  MAIN : INFO >> app started!!
2018-10-28 15:31:12,820 -  MAIN : INFO >> app started!!
2018-10-28 15:31:12,831 -  MAIN : INFO >> Name of phone : Apple iPhone 8 Plus
2018-10-28 15:31:12,833 -  MAIN : INFO >> Type of Connection : Network (GSM / HSPA / LTE)
2018-10-28 15:31:12,833 -  MAIN : INFO >> Launch : 2017, September
2018-10-28 15:31:12,834 -  MAIN : INFO >> App Finished!
2018-10-28 15:33:30,212 -  MAIN : INFO >> app started!!
2018-10-28 15:33:30,223 -  MAIN : INFO >> Name of phone : Apple iPhone 8 Plus
2018-10-28 15:33:59,318 -  MAIN : INFO >> app started!!
2018-10-28 15:33:59,335 -  MAIN : INFO >> Name of phone : Apple iPhone 8 Plus
2018-10-28 15:33:59,336 -  MAIN : INFO >> Type of Connection : Network (Network)
2018-10-28 15:33:59,336 -  MAIN : INFO >> Launch : 2017, September
2018-10-28 15:33:59,336 -  MAIN : INFO >> App Finished!
2018-10-28 15:38:51,178 -  MAIN : INFO >> app started!!
2018-10-28 15:39:30,053 -  MAIN : INFO >> app started!!
2018-10-28 15:39:30,065 -  MAIN : INFO >> Name of phone : Apple iPhone 8 Plus
2018-10-28 15:39:30,069 -  MAIN : INFO >> Type of Connection : Network (Network)
2018-10-28 15:39:30,069 -  MAIN : INFO >> Launch : 2017, September
2018-10-28 15:39:30,069 -  MAIN : INFO >> App Finished!
2018-10-28 15:42:29,298 -  MAIN : INFO >> app started!!
2018-10-28 15:42:29,318 -  MAIN : INFO >> Name of phone : Apple iPhone 8 Plus
2018-10-28 15:42:29,318 -  MAIN : INFO >> Type of Connection : Network (Network)
2018-10-28 15:42:29,318 -  MAIN : INFO >> Launch : 2017, September
2018-10-28 15:42:43,269 -  MAIN : INFO >> app started!!
2018-10-28 15:42:43,278 -  MAIN : INFO >> Name of phone : Apple iPhone 8 Plus
2018-10-28 15:42:43,278 -  MAIN : INFO >> Type of Connection : Network (Network)
2018-10-28 15:42:43,279 -  MAIN : INFO >> Launch : 2017, September
2018-10-28 15:42:43,285 -  MAIN : INFO >> App Finished!
2018-10-28 15:44:07,786 -  MAIN : INFO >> app started!!
2018-10-28 15:44:07,799 -  MAIN : INFO >> Name of phone : Apple iPhone 8 Plus
2018-10-28 15:44:07,800 -  MAIN : INFO >> Type of Connection : Network (Network)
2018-10-28 15:44:07,800 -  MAIN : INFO >> Launch : 2017, September
2018-10-28 15:44:07,800 -  MAIN : INFO >> App Finished!
2018-10-28 15:44:42,499 -  MAIN : INFO >> app started!!
2018-10-28 15:45:07,143 -  MAIN : INFO >> app started!!
2018-10-28 15:45:07,154 -  MAIN : INFO >> Name of phone : Apple iPhone 8 Plus
2018-10-28 15:45:07,158 -  MAIN : INFO >> Type of Connection : Network (Network)
2018-10-28 15:45:07,158 -  MAIN : INFO >> Launch : 2017, September
2018-10-28 15:45:07,158 -  MAIN : INFO >> App Finished!
2018-10-28 15:51:10,818 -  MAIN : INFO >> app started!!
2018-10-28 15:51:10,837 -  MAIN : INFO >> Name of phone : Apple iPhone 8 Plus
2018-10-28 15:51:42,907 -  MAIN : INFO >> app started!!
2018-10-28 15:51:42,918 -  MAIN : INFO >> App Finished!
2018-10-28 15:52:41,113 -  MAIN : INFO >> app started!!
2018-10-28 15:52:41,121 -  MAIN : INFO >> App Finished!
2018-10-28 15:53:40,677 -  MAIN : INFO >> app started!!
2018-10-28 15:53:40,686 -  MAIN : INFO >> App Finished!
2018-10-28 15:58:11,205 -  MAIN : INFO >> app started!!
2018-10-28 15:58:11,222 -  MAIN : INFO >> Name of phone : Apple iPhone XS
2018-10-28 15:58:11,223 -  MAIN : INFO >> Network : GSM / CDMA / HSPA / EVDO / LTE
2018-10-28 15:58:11,223 -  MAIN : INFO >> Launch : 2018, September
2018-10-28 15:58:11,223 -  MAIN : INFO >> Status : Available. Released 2018, September
2018-10-28 15:58:11,223 -  MAIN : INFO >> App Finished!
2018-10-28 16:03:49,456 -  MAIN : INFO >> app started!!
2018-10-28 16:03:49,548 -  MAIN : INFO >> Name of phone : Panasonic Eluga Ray 530
2018-10-28 16:03:49,548 -  MAIN : INFO >> Network : GSM / HSPA / LTE
2018-10-28 16:03:49,548 -  MAIN : INFO >> Launch : 2018, October
2018-10-28 16:03:49,549 -  MAIN : INFO >> Status : Available. Released 2018, October
2018-10-28 16:03:49,549 -  MAIN : INFO >> App Finished!
2018-10-28 16:05:15,421 -  MAIN : INFO >> app started!!
2018-10-28 16:05:15,429 -  MAIN : INFO >> Name of phone : Panasonic Eluga Ray 530
2018-10-28 16:05:15,430 -  MAIN : INFO >> Network : GSM / HSPA / LTE
2018-10-28 16:05:15,430 -  MAIN : INFO >> Launch : 2018, October
2018-10-28 16:05:15,430 -  MAIN : INFO >> Status : Available. Released 2018, October
2018-10-28 16:05:17,446 -  MAIN : INFO >> app started!!
2018-10-28 16:05:17,455 -  MAIN : INFO >> Name of phone : Panasonic Eluga Ray 530
2018-10-28 16:05:17,455 -  MAIN : INFO >> Network : GSM / HSPA / LTE
2018-10-28 16:05:17,455 -  MAIN : INFO >> Launch : 2018, October
2018-10-28 16:05:17,455 -  MAIN : INFO >> Status : Available. Released 2018, October
2018-10-28 16:05:21,831 -  MAIN : INFO >> app started!!
2018-10-28 16:05:21,840 -  MAIN : INFO >> Name of phone : Panasonic Eluga Ray 530
2018-10-28 16:05:21,840 -  MAIN : INFO >> Network : GSM / HSPA / LTE
2018-10-28 16:05:21,840 -  MAIN : INFO >> Launch : 2018, October
2018-10-28 16:05:21,840 -  MAIN : INFO >> Status : Available. Released 2018, October
2018-10-28 16:05:21,840 -  MAIN : INFO >> App Finished!
2018-10-28 16:07:22,816 -  MAIN : INFO >> app started!!
2018-10-28 16:07:24,822 -  MAIN : INFO >> Name of phone : Panasonic Eluga Ray 530
2018-10-28 16:07:24,822 -  MAIN : INFO >> Network : GSM / HSPA / LTE
2018-10-28 16:07:24,822 -  MAIN : INFO >> Launch : 2018, October
2018-10-28 16:07:24,823 -  MAIN : INFO >> Status : Available. Released 2018, October
2018-10-28 16:07:24,823 -  MAIN : DEBUG >> ------------------
2018-10-28 16:07:26,641 -  MAIN : INFO >> Name of phone : Panasonic Eluga Ray 530
2018-10-28 16:07:26,642 -  MAIN : INFO >> Network : GSM / HSPA / LTE
2018-10-28 16:07:26,642 -  MAIN : INFO >> Launch : 2018, October
2018-10-28 16:07:26,642 -  MAIN : INFO >> Status : Available. Released 2018, October
2018-10-28 16:07:26,642 -  MAIN : DEBUG >> ------------------
2018-10-28 16:07:28,664 -  MAIN : INFO >> Name of phone : Panasonic Eluga Ray 530
2018-10-28 16:07:28,664 -  MAIN : INFO >> Network : GSM / HSPA / LTE
2018-10-28 16:07:28,665 -  MAIN : INFO >> Launch : 2018, October
2018-10-28 16:07:28,665 -  MAIN : INFO >> Status : Available. Released 2018, October
2018-10-28 16:07:28,665 -  MAIN : DEBUG >> ------------------
2018-10-28 16:07:28,665 -  MAIN : INFO >> App Finished!
2018-10-28 16:08:07,108 -  MAIN : INFO >> app started!!
2018-10-28 16:08:09,485 -  MAIN : INFO >> Name of phone : Panasonic Eluga Ray 530
2018-10-28 16:08:09,491 -  MAIN : INFO >> Network : GSM / HSPA / LTE
2018-10-28 16:08:09,491 -  MAIN : INFO >> Launch : 2018, October
2018-10-28 16:08:09,491 -  MAIN : INFO >> Status : Available. Released 2018, October
2018-10-28 16:08:09,492 -  MAIN : DEBUG >> ------------------
2018-10-28 16:08:11,393 -  MAIN : INFO >> Name of phone : Panasonic Eluga Ray 530
2018-10-28 16:08:11,394 -  MAIN : INFO >> Network : GSM / HSPA / LTE
2018-10-28 16:08:11,394 -  MAIN : INFO >> Launch : 2018, October
2018-10-28 16:08:11,394 -  MAIN : INFO >> Status : Available. Released 2018, October
2018-10-28 16:08:11,394 -  MAIN : DEBUG >> ------------------
2018-10-28 16:08:13,147 -  MAIN : INFO >> Name of phone : Panasonic Eluga Ray 530
2018-10-28 16:08:13,148 -  MAIN : INFO >> Network : GSM / HSPA / LTE
2018-10-28 16:08:13,148 -  MAIN : INFO >> Launch : 2018, October
2018-10-28 16:08:13,148 -  MAIN : INFO >> Status : Available. Released 2018, October
2018-10-28 16:08:13,148 -  MAIN : DEBUG >> ------------------
2018-10-28 16:08:13,148 -  MAIN : INFO >> App Finished!
2018-10-28 16:08:33,482 -  MAIN : INFO >> app started!!
2018-10-28 16:08:35,159 -  MAIN : INFO >> Name of phone : Panasonic Eluga Ray 530
2018-10-28 16:08:35,159 -  MAIN : INFO >> Network : GSM / HSPA / LTE
2018-10-28 16:08:35,159 -  MAIN : INFO >> Launch : 2018, October
2018-10-28 16:08:35,159 -  MAIN : INFO >> Status : Available. Released 2018, October
2018-10-28 16:08:35,160 -  MAIN : DEBUG >> ------------------
2018-10-28 16:08:37,156 -  MAIN : INFO >> Name of phone : Apple iPhone XS
2018-10-28 16:08:37,156 -  MAIN : INFO >> Network : GSM / CDMA / HSPA / EVDO / LTE
2018-10-28 16:08:37,157 -  MAIN : INFO >> Launch : 2018, September
2018-10-28 16:08:37,157 -  MAIN : INFO >> Status : Available. Released 2018, September
2018-10-28 16:08:37,157 -  MAIN : DEBUG >> ------------------
2018-10-28 16:08:39,071 -  MAIN : INFO >> Name of phone : Apple iPhone 8 Plus
2018-10-28 16:08:39,072 -  MAIN : INFO >> Network : GSM / HSPA / LTE
2018-10-28 16:08:39,072 -  MAIN : INFO >> Launch : 2017, September
2018-10-28 16:08:39,072 -  MAIN : INFO >> Status : Available. Released 2017, September
2018-10-28 16:08:39,072 -  MAIN : DEBUG >> ------------------
2018-10-28 16:08:39,072 -  MAIN : INFO >> App Finished!
